[2017-11-27 09:34:16] local.ERROR: PDOException: SQLSTATE[42S02]: Base table or view not found: 1146 Table 'booking.option' doesn't exist in F:\Project\webbooking\vendor\doctrine\dbal\lib\Doctrine\DBAL\Driver\PDOConnection.php:77
Stack trace:
#0 F:\Project\webbooking\vendor\doctrine\dbal\lib\Doctrine\DBAL\Driver\PDOConnection.php(77): PDO->prepare('select `value`,...', Array)
#1 F:\Project\webbooking\vendor\laravel\framework\src\Illuminate\Database\Connection.php(319): Doctrine\DBAL\Driver\PDOConnection->prepare('select `value`,...')
#2 F:\Project\webbooking\vendor\laravel\framework\src\Illuminate\Database\Connection.php(640): Illuminate\Database\Connection->Illuminate\Database\{closure}('select `value`,...', Array)
#3 F:\Project\webbooking\vendor\laravel\framework\src\Illuminate\Database\Connection.php(607): Illuminate\Database\Connection->runQueryCallback('select `value`,...', Array, Object(Closure))
#4 F:\Project\webbooking\vendor\laravel\framework\src\Illuminate\Database\Connection.php(326): Illuminate\Database\Connection->run('select `value`,...', Array, Object(Closure))
#5 F:\Project\webbooking\vendor\laravel\framework\src\Illuminate\Database\Query\Builder.php(1705): Illuminate\Database\Connection->select('select `value`,...', Array, true)
#6 F:\Project\webbooking\vendor\laravel\framework\src\Illuminate\Database\Query\Builder.php(1690): Illuminate\Database\Query\Builder->runSelect()
#7 F:\Project\webbooking\vendor\laravel\framework\src\Illuminate\Database\Query\Builder.php(1888): Illuminate\Database\Query\Builder->get(Array)
#8 F:\Project\webbooking\vendor\laravel\framework\src\Illuminate\Database\Eloquent\Builder.php(656): Illuminate\Database\Query\Builder->pluck('value', 'name')
#9 F:\Project\webbooking\vendor\laravel\framework\src\Illuminate\Database\Eloquent\Model.php(1374): Illuminate\Database\Eloquent\Builder->pluck('value', 'name')
#10 F:\Project\webbooking\vendor\laravel\framework\src\Illuminate\Database\Eloquent\Model.php(1386): Illuminate\Database\Eloquent\Model->__call('pluck', Array)
#11 F:\Project\webbooking\app\Providers\AppServiceProvider.php(25): Illuminate\Database\Eloquent\Model::__callStatic('pluck', Array)
#12 [internal function]: App\Providers\AppServiceProvider->boot()
#13 F:\Project\webbooking\vendor\laravel\framework\src\Illuminate\Container\BoundMethod.php(29): call_user_func_array(Array, Array)
#14 F:\Project\webbooking\vendor\laravel\framework\src\Illuminate\Container\BoundMethod.php(87): Illuminate\Container\BoundMethod::Illuminate\Container\{closure}()
#15 F:\Project\webbooking\vendor\laravel\framework\src\Illuminate\Container\BoundMethod.php(31): Illuminate\Container\BoundMethod::callBoundMethod(Object(Illuminate\Foundation\Application), Array, Object(Closure))
#16 F:\Project\webbooking\vendor\laravel\framework\src\Illuminate\Container\Container.php(539): Illuminate\Container\BoundMethod::call(Object(Illuminate\Foundation\Application), Array, Array, NULL)
#17 F:\Project\webbooking\vendor\laravel\framework\src\Illuminate\Foundation\Application.php(788): Illuminate\Container\Container->call(Array)
#18 F:\Project\webbooking\vendor\laravel\framework\src\Illuminate\Foundation\Application.php(771): Illuminate\Foundation\Application->bootProvider(Object(App\Providers\AppServiceProvider))
#19 [internal function]: Illuminate\Foundation\Application->Illuminate\Foundation\{closure}(Object(App\Providers\AppServiceProvider), 17)
#20 F:\Project\webbooking\vendor\laravel\framework\src\Illuminate\Foundation\Application.php(772): array_walk(Array, Object(Closure))
#21 F:\Project\webbooking\vendor\laravel\framework\src\Illuminate\Foundation\Bootstrap\BootProviders.php(17): Illuminate\Foundation\Application->boot()
#22 F:\Project\webbooking\vendor\laravel\framework\src\Illuminate\Foundation\Application.php(208): Illuminate\Foundation\Bootstrap\BootProviders->bootstrap(Object(Illuminate\Foundation\Application))
#23 F:\Project\webbooking\vendor\laravel\framework\src\Illuminate\Foundation\Http\Kernel.php(162): Illuminate\Foundation\Application->bootstrapWith(Array)
#24 F:\Project\webbooking\vendor\laravel\framework\src\Illuminate\Foundation\Http\Kernel.php(146): Illuminate\Foundation\Http\Kernel->bootstrap()
#25 F:\Project\webbooking\vendor\laravel\framework\src\Illuminate\Foundation\Http\Kernel.php(116): Illuminate\Foundation\Http\Kernel->sendRequestThroughRouter(Object(Illuminate\Http\Request))
#26 F:\Project\webbooking\public\index.php(53): Illuminate\Foundation\Http\Kernel->handle(Object(Illuminate\Http\Request))
#27 {main}

Next Doctrine\DBAL\Driver\PDOException: SQLSTATE[42S02]: Base table or view not found: 1146 Table 'booking.option' doesn't exist in F:\Project\webbooking\vendor\doctrine\dbal\lib\Doctrine\DBAL\Driver\PDOConnection.php:79
Stack trace:
#0 F:\Project\webbooking\vendor\laravel\framework\src\Illuminate\Database\Connection.php(319): Doctrine\DBAL\Driver\PDOConnection->prepare('select `value`,...')
#1 F:\Project\webbooking\vendor\laravel\framework\src\Illuminate\Database\Connection.php(640): Illuminate\Database\Connection->Illuminate\Database\{closure}('select `value`,...', Array)
#2 F:\Project\webbooking\vendor\laravel\framework\src\Illuminate\Database\Connection.php(607): Illuminate\Database\Connection->runQueryCallback('select `value`,...', Array, Object(Closure))
#3 F:\Project\webbooking\vendor\laravel\framework\src\Illuminate\Database\Connection.php(326): Illuminate\Database\Connection->run('select `value`,...', Array, Object(Closure))
#4 F:\Project\webbooking\vendor\laravel\framework\src\Illuminate\Database\Query\Builder.php(1705): Illuminate\Database\Connection->select('select `value`,...', Array, true)
#5 F:\Project\webbooking\vendor\laravel\framework\src\Illuminate\Database\Query\Builder.php(1690): Illuminate\Database\Query\Builder->runSelect()
#6 F:\Project\webbooking\vendor\laravel\framework\src\Illuminate\Database\Query\Builder.php(1888): Illuminate\Database\Query\Builder->get(Array)
#7 F:\Project\webbooking\vendor\laravel\framework\src\Illuminate\Database\Eloquent\Builder.php(656): Illuminate\Database\Query\Builder->pluck('value', 'name')
#8 F:\Project\webbooking\vendor\laravel\framework\src\Illuminate\Database\Eloquent\Model.php(1374): Illuminate\Database\Eloquent\Builder->pluck('value', 'name')
#9 F:\Project\webbooking\vendor\laravel\framework\src\Illuminate\Database\Eloquent\Model.php(1386): Illuminate\Database\Eloquent\Model->__call('pluck', Array)
#10 F:\Project\webbooking\app\Providers\AppServiceProvider.php(25): Illuminate\Database\Eloquent\Model::__callStatic('pluck', Array)
#11 [internal function]: App\Providers\AppServiceProvider->boot()
#12 F:\Project\webbooking\vendor\laravel\framework\src\Illuminate\Container\BoundMethod.php(29): call_user_func_array(Array, Array)
#13 F:\Project\webbooking\vendor\laravel\framework\src\Illuminate\Container\BoundMethod.php(87): Illuminate\Container\BoundMethod::Illuminate\Container\{closure}()
#14 F:\Project\webbooking\vendor\laravel\framework\src\Illuminate\Container\BoundMethod.php(31): Illuminate\Container\BoundMethod::callBoundMethod(Object(Illuminate\Foundation\Application), Array, Object(Closure))
#15 F:\Project\webbooking\vendor\laravel\framework\src\Illuminate\Container\Container.php(539): Illuminate\Container\BoundMethod::call(Object(Illuminate\Foundation\Application), Array, Array, NULL)
#16 F:\Project\webbooking\vendor\laravel\framework\src\Illuminate\Foundation\Application.php(788): Illuminate\Container\Container->call(Array)
#17 F:\Project\webbooking\vendor\laravel\framework\src\Illuminate\Foundation\Application.php(771): Illuminate\Foundation\Application->bootProvider(Object(App\Providers\AppServiceProvider))
#18 [internal function]: Illuminate\Foundation\Application->Illuminate\Foundation\{closure}(Object(App\Providers\AppServiceProvider), 17)
#19 F:\Project\webbooking\vendor\laravel\framework\src\Illuminate\Foundation\Application.php(772): array_walk(Array, Object(Closure))
#20 F:\Project\webbooking\vendor\laravel\framework\src\Illuminate\Foundation\Bootstrap\BootProviders.php(17): Illuminate\Foundation\Application->boot()
#21 F:\Project\webbooking\vendor\laravel\framework\src\Illuminate\Foundation\Application.php(208): Illuminate\Foundation\Bootstrap\BootProviders->bootstrap(Object(Illuminate\Foundation\Application))
#22 F:\Project\webbooking\vendor\laravel\framework\src\Illuminate\Foundation\Http\Kernel.php(162): Illuminate\Foundation\Application->bootstrapWith(Array)
#23 F:\Project\webbooking\vendor\laravel\framework\src\Illuminate\Foundation\Http\Kernel.php(146): Illuminate\Foundation\Http\Kernel->bootstrap()
#24 F:\Project\webbooking\vendor\laravel\framework\src\Illuminate\Foundation\Http\Kernel.php(116): Illuminate\Foundation\Http\Kernel->sendRequestThroughRouter(Object(Illuminate\Http\Request))
#25 F:\Project\webbooking\public\index.php(53): Illuminate\Foundation\Http\Kernel->handle(Object(Illuminate\Http\Request))
#26 {main}

Next Illuminate\Database\QueryException: SQLSTATE[42S02]: Base table or view not found: 1146 Table 'booking.option' doesn't exist (SQL: select `value`, `name` from `option`) in F:\Project\webbooking\vendor\laravel\framework\src\Illuminate\Database\Connection.php:647
Stack trace:
#0 F:\Project\webbooking\vendor\laravel\framework\src\Illuminate\Database\Connection.php(607): Illuminate\Database\Connection->runQueryCallback('select `value`,...', Array, Object(Closure))
#1 F:\Project\webbooking\vendor\laravel\framework\src\Illuminate\Database\Connection.php(326): Illuminate\Database\Connection->run('select `value`,...', Array, Object(Closure))
#2 F:\Project\webbooking\vendor\laravel\framework\src\Illuminate\Database\Query\Builder.php(1705): Illuminate\Database\Connection->select('select `value`,...', Array, true)
#3 F:\Project\webbooking\vendor\laravel\framework\src\Illuminate\Database\Query\Builder.php(1690): Illuminate\Database\Query\Builder->runSelect()
#4 F:\Project\webbooking\vendor\laravel\framework\src\Illuminate\Database\Query\Builder.php(1888): Illuminate\Database\Query\Builder->get(Array)
#5 F:\Project\webbooking\vendor\laravel\framework\src\Illuminate\Database\Eloquent\Builder.php(656): Illuminate\Database\Query\Builder->pluck('value', 'name')
#6 F:\Project\webbooking\vendor\laravel\framework\src\Illuminate\Database\Eloquent\Model.php(1374): Illuminate\Database\Eloquent\Builder->pluck('value', 'name')
#7 F:\Project\webbooking\vendor\laravel\framework\src\Illuminate\Database\Eloquent\Model.php(1386): Illuminate\Database\Eloquent\Model->__call('pluck', Array)
#8 F:\Project\webbooking\app\Providers\AppServiceProvider.php(25): Illuminate\Database\Eloquent\Model::__callStatic('pluck', Array)
#9 [internal function]: App\Providers\AppServiceProvider->boot()
#10 F:\Project\webbooking\vendor\laravel\framework\src\Illuminate\Container\BoundMethod.php(29): call_user_func_array(Array, Array)
#11 F:\Project\webbooking\vendor\laravel\framework\src\Illuminate\Container\BoundMethod.php(87): Illuminate\Container\BoundMethod::Illuminate\Container\{closure}()
#12 F:\Project\webbooking\vendor\laravel\framework\src\Illuminate\Container\BoundMethod.php(31): Illuminate\Container\BoundMethod::callBoundMethod(Object(Illuminate\Foundation\Application), Array, Object(Closure))
#13 F:\Project\webbooking\vendor\laravel\framework\src\Illuminate\Container\Container.php(539): Illuminate\Container\BoundMethod::call(Object(Illuminate\Foundation\Application), Array, Array, NULL)
#14 F:\Project\webbooking\vendor\laravel\framework\src\Illuminate\Foundation\Application.php(788): Illuminate\Container\Container->call(Array)
#15 F:\Project\webbooking\vendor\laravel\framework\src\Illuminate\Foundation\Application.php(771): Illuminate\Foundation\Application->bootProvider(Object(App\Providers\AppServiceProvider))
#16 [internal function]: Illuminate\Foundation\Application->Illuminate\Foundation\{closure}(Object(App\Providers\AppServiceProvider), 17)
#17 F:\Project\webbooking\vendor\laravel\framework\src\Illuminate\Foundation\Application.php(772): array_walk(Array, Object(Closure))
#18 F:\Project\webbooking\vendor\laravel\framework\src\Illuminate\Foundation\Bootstrap\BootProviders.php(17): Illuminate\Foundation\Application->boot()
#19 F:\Project\webbooking\vendor\laravel\framework\src\Illuminate\Foundation\Application.php(208): Illuminate\Foundation\Bootstrap\BootProviders->bootstrap(Object(Illuminate\Foundation\Application))
#20 F:\Project\webbooking\vendor\laravel\framework\src\Illuminate\Foundation\Http\Kernel.php(162): Illuminate\Foundation\Application->bootstrapWith(Array)
#21 F:\Project\webbooking\vendor\laravel\framework\src\Illuminate\Foundation\Http\Kernel.php(146): Illuminate\Foundation\Http\Kernel->bootstrap()
#22 F:\Project\webbooking\vendor\laravel\framework\src\Illuminate\Foundation\Http\Kernel.php(116): Illuminate\Foundation\Http\Kernel->sendRequestThroughRouter(Object(Illuminate\Http\Request))
#23 F:\Project\webbooking\public\index.php(53): Illuminate\Foundation\Http\Kernel->handle(Object(Illuminate\Http\Request))
#24 {main}  
